[ 2017-11-09T00:52:20+08:00 ] ::1 /v/index.php/home/login/regis
ERR: SQLSTATE[42S22]: Column not found: 1054 Unknown column 'undefined' in 'where clause'

[ 2017-11-09T00:53:28+08:00 ] ::1 /v/index.php/home/login/regis
ERR: SQLSTATE[42S22]: Column not found: 1054 Unknown column 'undefined' in 'where clause'

[ 2017-11-09T00:54:22+08:00 ] ::1 /v/index.php/home/login/regis
ERR: SQLSTATE[42S22]: Column not found: 1054 Unknown column 'undefined' in 'where clause'

[ 2017-11-09T01:03:06+08:00 ] ::1 /v/index.php/home/login/regis
ERR: SQLSTATE[42S22]: Column not found: 1054 Unknown column 'undefined' in 'where clause'

[ 2017-11-09T01:55:13+08:00 ] ::1 /v/index.php/home/login/do_find
ERR: 非法操作:do_find

[ 2017-11-09T01:56:00+08:00 ] ::1 /v/index.php/home/login/find
ERR: SQLSTATE[42000]: Syntax error or access violation: 1064 You have an error in your SQL syntax; check the manual that corresponds to your MySQL server version for the right syntax to use near '&mobile )' at line 1

[ 2017-11-09T01:59:48+08:00 ] ::1 /v/index.php/home/login/find
ERR: SQLSTATE[42000]: Syntax error or access violation: 1064 You have an error in your SQL syntax; check the manual that corresponds to your MySQL server version for the right syntax to use near '&mobile )' at line 1

[ 2017-11-09T02:18:29+08:00 ] ::1 /v/index.php/home/login/modify
ERR: SQLSTATE[42000]: Syntax error or access violation: 1064 You have an error in your SQL syntax; check the manual that corresponds to your MySQL server version for the right syntax to use near 'WHERE ( mobile =  )' at line 1

[ 2017-11-09T02:18:35+08:00 ] ::1 /v/index.php/home/login/modify
ERR: SQLSTATE[42000]: Syntax error or access violation: 1064 You have an error in your SQL syntax; check the manual that corresponds to your MySQL server version for the right syntax to use near 'WHERE ( mobile =  )' at line 1

[ 2017-11-09T02:28:45+08:00 ] ::1 /v/index.php/home/login/modify
ERR: SQLSTATE[42000]: Syntax error or access violation: 1064 You have an error in your SQL syntax; check the manual that corresponds to your MySQL server version for the right syntax to use near ')' at line 1

