[ 2017-11-17T15:39:02+08:00 ] ::1 /v/
ERR: 无法加载控制器:Index

[ 2017-11-17T15:39:27+08:00 ] ::1 /v/
ERR: 无法加载控制器:Index

[ 2017-11-17T15:55:03+08:00 ] ::1 /v/index.php/home/login/send_verify
ERR: SQLSTATE[42S22]: Column not found: 1054 Unknown column 'mobile' in 'where clause'

[ 2017-11-17T15:56:17+08:00 ] ::1 /v/index.php/home/login/login
ERR: SQLSTATE[42000]: Syntax error or access violation: 1064 You have an error in your SQL syntax; check the manual that corresponds to your MySQL server version for the right syntax to use near ') LIMIT 1' at line 1

[ 2017-11-17T19:41:23+08:00 ] ::1 /v/index.php/home/login/test
ERR: SQLSTATE[42S22]: Column not found: 1054 Unknown column 'invite_code' in 'where clause'

[ 2017-11-17T20:44:05+08:00 ] 127.0.0.1 /v/index.php/home/login/recharge
ERR: SQLSTATE[42S22]: Column not found: 1054 Unknown column '5a44bac4d440ea4fb945758f9e41d3ec' in 'where clause'

[ 2017-11-17T20:44:10+08:00 ] 127.0.0.1 /v/index.php/home/login/recharge
ERR: SQLSTATE[42S22]: Column not found: 1054 Unknown column '5a44bac4d440ea4fb945758f9e41d3ec' in 'where clause'

[ 2017-11-17T20:44:19+08:00 ] 127.0.0.1 /v/index.php/home/login/recharge
ERR: SQLSTATE[42S22]: Column not found: 1054 Unknown column '5a44bac4d440ea4fb945758f9e41d3ec' in 'where clause'

[ 2017-11-17T20:45:26+08:00 ] 127.0.0.1 /v/index.php/home/login/recharge
ERR: SQLSTATE[42S22]: Column not found: 1054 Unknown column '5a44bac4d440ea4fb945758f9e41d3ec' in 'where clause'

[ 2017-11-17T20:47:04+08:00 ] 127.0.0.1 /v/index.php/home/login/recharge
ERR: SQLSTATE[42S22]: Column not found: 1054 Unknown column '5a44bac4d440ea4fb945758f9e41d3ec' in 'where clause'

[ 2017-11-17T22:00:24+08:00 ] ::1 /v/index.php/home/login/get_lives
ERR: 非法操作:get_lives

