[ 2017-11-08T14:56:02+08:00 ] ::1 /v/index.php/home/login/test&random=0.7994322769809514
ERR: 非法操作:test&random=0.7994322769809514

[ 2017-11-08T14:56:03+08:00 ] ::1 /v/index.php/home/login/test&random=0.7994322769809514&random=0.012800640892237425
ERR: 非法操作:test&random=0.7994322769809514&random=0.012800640892237425

[ 2017-11-08T15:18:04+08:00 ] ::1 /v/index.php/home/login/refresh_verify&random=0.8696789734531194
ERR: 非法操作:refresh_verify&random=0.8696789734531194

[ 2017-11-08T15:18:04+08:00 ] ::1 /v/index.php/home/login/refresh_verify&random=0.57693355018273
ERR: 非法操作:refresh_verify&random=0.57693355018273

[ 2017-11-08T15:18:05+08:00 ] ::1 /v/index.php/home/login/refresh_verify&random=0.2935193453449756
ERR: 非法操作:refresh_verify&random=0.2935193453449756

[ 2017-11-08T15:18:18+08:00 ] ::1 /v/index.php/home/login/refresh_verify&random=0.24296961422078311
ERR: 非法操作:refresh_verify&random=0.24296961422078311

[ 2017-11-08T15:18:19+08:00 ] ::1 /v/index.php/home/login/refresh_verify&random=0.8621332128532231
ERR: 非法操作:refresh_verify&random=0.8621332128532231

[ 2017-11-08T15:18:19+08:00 ] ::1 /v/index.php/home/login/refresh_verify&random=0.6154068710748106
ERR: 非法操作:refresh_verify&random=0.6154068710748106

[ 2017-11-08T15:18:20+08:00 ] ::1 /v/index.php/home/login/refresh_verify&random=0.4851835062727332
ERR: 非法操作:refresh_verify&random=0.4851835062727332

[ 2017-11-08T15:18:21+08:00 ] ::1 /v/index.php/home/login/refresh_verify&random=0.6548077380284667
ERR: 非法操作:refresh_verify&random=0.6548077380284667

[ 2017-11-08T15:18:21+08:00 ] ::1 /v/index.php/home/login/refresh_verify&random=0.3032638228032738
ERR: 非法操作:refresh_verify&random=0.3032638228032738

[ 2017-11-08T15:18:21+08:00 ] ::1 /v/index.php/home/login/refresh_verify&random=0.5278261078055948
ERR: 非法操作:refresh_verify&random=0.5278261078055948

[ 2017-11-08T15:18:21+08:00 ] ::1 /v/index.php/home/login/refresh_verify&random=0.8804332015570253
ERR: 非法操作:refresh_verify&random=0.8804332015570253

[ 2017-11-08T15:18:22+08:00 ] ::1 /v/index.php/home/login/refresh_verify&random=0.2834497655276209
ERR: 非法操作:refresh_verify&random=0.2834497655276209

[ 2017-11-08T15:21:42+08:00 ] ::1 /v/index.php/home/login/refresh_verify&random=0.7347065776120871
ERR: 非法操作:refresh_verify&random=0.7347065776120871

[ 2017-11-08T15:21:43+08:00 ] ::1 /v/index.php/home/login/refresh_verify&random=0.18175487336702645
ERR: 非法操作:refresh_verify&random=0.18175487336702645

[ 2017-11-08T15:21:44+08:00 ] ::1 /v/index.php/home/login/refresh_verify&random=0.27576293097808957
ERR: 非法操作:refresh_verify&random=0.27576293097808957

[ 2017-11-08T15:22:10+08:00 ] ::1 /v/index.php/home/login/refresh_verify&random=0.24853288987651467
ERR: 非法操作:refresh_verify&random=0.24853288987651467

[ 2017-11-08T18:00:28+08:00 ] ::1 /v/index.php/home/login/login
ERR: SQLSTATE[42000]: Syntax error or access violation: 1064 You have an error in your SQL syntax; check the manual that corresponds to your MySQL server version for the right syntax to use near ') LIMIT 1' at line 1

[ 2017-11-08T18:00:29+08:00 ] ::1 /v/index.php/home/login/login
ERR: SQLSTATE[42000]: Syntax error or access violation: 1064 You have an error in your SQL syntax; check the manual that corresponds to your MySQL server version for the right syntax to use near ') LIMIT 1' at line 1

