[ 2017-10-30T19:41:00+08:00 ] ::1 /index.php/Idel
ERR: 非法操作:index

[ 2017-10-30T19:50:34+08:00 ] ::1 /index.php/Idel/Index/getCommodityType
ERR: SQLSTATE[42S02]: Base table or view not found: 1146 Table 'sky_school.commodity_type' doesn't exist

[ 2017-10-30T19:52:08+08:00 ] ::1 /index.php/Idel/Index/getCommodityType
ERR: SQLSTATE[42S02]: Base table or view not found: 1146 Table 'sky_school.commodity_type' doesn't exist

[ 2017-10-30T19:52:09+08:00 ] ::1 /index.php/Idel/Index/getCommodityType
ERR: SQLSTATE[42S02]: Base table or view not found: 1146 Table 'sky_school.commodity_type' doesn't exist

[ 2017-10-30T19:52:44+08:00 ] ::1 /index.php/Idel/Index/getCommodityType
ERR: SQLSTATE[42S02]: Base table or view not found: 1146 Table 'sky_school.commodity_type' doesn't exist

[ 2017-10-30T19:53:05+08:00 ] ::1 /index.php/Idel/Index/getCommodityType
ERR: SQLSTATE[42S02]: Base table or view not found: 1146 Table 'sky_school.commodity_type' doesn't exist

[ 2017-10-30T19:54:01+08:00 ] ::1 /index.php/Idel/Index/getCommodityType
ERR: SQLSTATE[42S02]: Base table or view not found: 1146 Table 'sky_school.commodity_type' doesn't exist

[ 2017-10-30T19:54:02+08:00 ] ::1 /index.php/Idel/Index/getCommodityType
ERR: SQLSTATE[42S02]: Base table or view not found: 1146 Table 'sky_school.commodity_type' doesn't exist

[ 2017-10-30T19:54:02+08:00 ] ::1 /index.php/Idel/Index/getCommodityType
ERR: SQLSTATE[42S02]: Base table or view not found: 1146 Table 'sky_school.commodity_type' doesn't exist

[ 2017-10-30T19:54:55+08:00 ] ::1 /index.php/Idel/Index/getCommodityType
ERR: SQLSTATE[42S02]: Base table or view not found: 1146 Table 'sky_school.commodity_type' doesn't exist

[ 2017-10-30T19:56:19+08:00 ] ::1 /index.php/Idel/Index/getCommodityType
ERR: SQLSTATE[42S02]: Base table or view not found: 1146 Table 'sky_school.commodity_type' doesn't exist

[ 2017-10-30T19:56:21+08:00 ] ::1 /index.php/Idel/Index/getCommodityType
ERR: SQLSTATE[42S02]: Base table or view not found: 1146 Table 'sky_school.commodity_type' doesn't exist

[ 2017-10-30T19:56:21+08:00 ] ::1 /index.php/Idel/Index/getCommodityType
ERR: SQLSTATE[42S02]: Base table or view not found: 1146 Table 'sky_school.commodity_type' doesn't exist

[ 2017-10-30T19:56:21+08:00 ] ::1 /index.php/Idel/Index/getCommodityType
ERR: SQLSTATE[42S02]: Base table or view not found: 1146 Table 'sky_school.commodity_type' doesn't exist

[ 2017-10-30T19:57:04+08:00 ] ::1 /index.php/Idel/Index/getCommodityType
ERR: SQLSTATE[42S02]: Base table or view not found: 1146 Table 'sky_school.commodity_type' doesn't exist

[ 2017-10-30T19:57:04+08:00 ] ::1 /index.php/Idel/Index/getCommodityType
ERR: SQLSTATE[42S02]: Base table or view not found: 1146 Table 'sky_school.commodity_type' doesn't exist

[ 2017-10-30T19:57:05+08:00 ] ::1 /index.php/Idel/Index/getCommodityType
ERR: SQLSTATE[42S02]: Base table or view not found: 1146 Table 'sky_school.commodity_type' doesn't exist

[ 2017-10-30T19:57:05+08:00 ] ::1 /index.php/Idel/Index/getCommodityType
ERR: SQLSTATE[42S02]: Base table or view not found: 1146 Table 'sky_school.commodity_type' doesn't exist

[ 2017-10-30T19:58:14+08:00 ] ::1 /index.php/Idel/Index/getCommodityType
ERR: SQLSTATE[42S02]: Base table or view not found: 1146 Table 'sky_school.commodity_type' doesn't exist

[ 2017-10-30T19:58:14+08:00 ] ::1 /index.php/Idel/Index/getCommodityType
ERR: SQLSTATE[42S02]: Base table or view not found: 1146 Table 'sky_school.commodity_type' doesn't exist

[ 2017-10-30T19:58:14+08:00 ] ::1 /index.php/Idel/Index/getCommodityType
ERR: SQLSTATE[42S02]: Base table or view not found: 1146 Table 'sky_school.commodity_type' doesn't exist

[ 2017-10-30T19:58:15+08:00 ] ::1 /index.php/Idel/Index/getCommodityType
ERR: SQLSTATE[42S02]: Base table or view not found: 1146 Table 'sky_school.commodity_type' doesn't exist

[ 2017-10-30T19:58:15+08:00 ] ::1 /index.php/Idel/Index/getCommodityType
ERR: SQLSTATE[42S02]: Base table or view not found: 1146 Table 'sky_school.commodity_type' doesn't exist

[ 2017-10-30T19:58:15+08:00 ] ::1 /index.php/Idel/Index/getCommodityType
ERR: SQLSTATE[42S02]: Base table or view not found: 1146 Table 'sky_school.commodity_type' doesn't exist

[ 2017-10-30T19:58:15+08:00 ] ::1 /index.php/Idel/Index/getCommodityType
ERR: SQLSTATE[42S02]: Base table or view not found: 1146 Table 'sky_school.commodity_type' doesn't exist

[ 2017-10-30T19:58:15+08:00 ] ::1 /index.php/Idel/Index/getCommodityType
ERR: SQLSTATE[42S02]: Base table or view not found: 1146 Table 'sky_school.commodity_type' doesn't exist

[ 2017-10-30T19:58:16+08:00 ] ::1 /index.php/Idel/Index/getCommodityType
ERR: SQLSTATE[42S02]: Base table or view not found: 1146 Table 'sky_school.commodity_type' doesn't exist

[ 2017-10-30T19:58:45+08:00 ] ::1 /index.php/Idel/Index/getCommodityType
ERR: SQLSTATE[42S02]: Base table or view not found: 1146 Table 'sky_school.commodity_type' doesn't exist

[ 2017-10-30T19:59:39+08:00 ] ::1 /index.php/Idel/Index/getCommodityType
ERR: SQLSTATE[42S02]: Base table or view not found: 1146 Table 'sky_school.commodity_type_model' doesn't exist

[ 2017-10-30T20:01:02+08:00 ] ::1 /index.php/Idel/Index/getCommodityType
ERR: SQLSTATE[42S02]: Base table or view not found: 1146 Table 'sky_school.commodity_type' doesn't exist

[ 2017-10-30T20:01:25+08:00 ] ::1 /index.php/Idel/Index/getCommodityType
ERR: SQLSTATE[42S02]: Base table or view not found: 1146 Table 'sky_school.commodity_sype' doesn't exist

[ 2017-10-30T20:02:40+08:00 ] ::1 /index.php/Idel/Index/getCommodityType
ERR: SQLSTATE[42S02]: Base table or view not found: 1146 Table 'sky_school.commodity_type' doesn't exist

[ 2017-10-30T20:02:41+08:00 ] ::1 /index.php/Idel/Index/getCommodityType
ERR: SQLSTATE[42S02]: Base table or view not found: 1146 Table 'sky_school.commodity_type' doesn't exist

[ 2017-10-30T20:02:41+08:00 ] ::1 /index.php/Idel/Index/getCommodityType
ERR: SQLSTATE[42S02]: Base table or view not found: 1146 Table 'sky_school.commodity_type' doesn't exist

[ 2017-10-30T20:04:54+08:00 ] ::1 /index.php/Idel/Index/getCommodityType
ERR: SQLSTATE[42S02]: Base table or view not found: 1146 Table 'sky_school.commodity_type' doesn't exist

[ 2017-10-30T20:05:55+08:00 ] ::1 /index.php/Idel/Index/getCommodityType
ERR: SQLSTATE[42S02]: Base table or view not found: 1146 Table 'sky_school.commodity_type' doesn't exist

[ 2017-10-30T20:05:56+08:00 ] ::1 /index.php/Idel/Index/getCommodityType
ERR: SQLSTATE[42S02]: Base table or view not found: 1146 Table 'sky_school.commodity_type' doesn't exist

[ 2017-10-30T20:05:56+08:00 ] ::1 /index.php/Idel/Index/getCommodityType
ERR: SQLSTATE[42S02]: Base table or view not found: 1146 Table 'sky_school.commodity_type' doesn't exist

[ 2017-10-30T20:05:56+08:00 ] ::1 /index.php/Idel/Index/getCommodityType
ERR: SQLSTATE[42S02]: Base table or view not found: 1146 Table 'sky_school.commodity_type' doesn't exist

[ 2017-10-30T20:05:56+08:00 ] ::1 /index.php/Idel/Index/getCommodityType
ERR: SQLSTATE[42S02]: Base table or view not found: 1146 Table 'sky_school.commodity_type' doesn't exist

[ 2017-10-30T20:05:56+08:00 ] ::1 /index.php/Idel/Index/getCommodityType
ERR: SQLSTATE[42S02]: Base table or view not found: 1146 Table 'sky_school.commodity_type' doesn't exist

[ 2017-10-30T20:07:04+08:00 ] ::1 /index.php/Idel/Index/getCommodityType
ERR: SQLSTATE[42S02]: Base table or view not found: 1146 Table 'sky_school.commodity_type' doesn't exist

[ 2017-10-30T20:07:04+08:00 ] ::1 /index.php/Idel/Index/getCommodityType
ERR: SQLSTATE[42S02]: Base table or view not found: 1146 Table 'sky_school.commodity_type' doesn't exist

[ 2017-10-30T20:07:05+08:00 ] ::1 /index.php/Idel/Index/getCommodityType
ERR: SQLSTATE[42S02]: Base table or view not found: 1146 Table 'sky_school.commodity_type' doesn't exist

[ 2017-10-30T20:07:05+08:00 ] ::1 /index.php/Idel/Index/getCommodityType
ERR: SQLSTATE[42S02]: Base table or view not found: 1146 Table 'sky_school.commodity_type' doesn't exist

[ 2017-10-30T20:07:05+08:00 ] ::1 /index.php/Idel/Index/getCommodityType
ERR: SQLSTATE[42S02]: Base table or view not found: 1146 Table 'sky_school.commodity_type' doesn't exist

[ 2017-10-30T20:07:05+08:00 ] ::1 /index.php/Idel/Index/getCommodityType
ERR: SQLSTATE[42S02]: Base table or view not found: 1146 Table 'sky_school.commodity_type' doesn't exist

[ 2017-10-30T20:07:05+08:00 ] ::1 /index.php/Idel/Index/getCommodityType
ERR: SQLSTATE[42S02]: Base table or view not found: 1146 Table 'sky_school.commodity_type' doesn't exist

[ 2017-10-30T20:07:05+08:00 ] ::1 /index.php/Idel/Index/getCommodityType
ERR: SQLSTATE[42S02]: Base table or view not found: 1146 Table 'sky_school.commodity_type' doesn't exist

[ 2017-10-30T20:07:06+08:00 ] ::1 /index.php/Idel/Index/getCommodityType
ERR: SQLSTATE[42S02]: Base table or view not found: 1146 Table 'sky_school.commodity_type' doesn't exist

[ 2017-10-30T20:07:06+08:00 ] ::1 /index.php/Idel/Index/getCommodityType
ERR: SQLSTATE[42S02]: Base table or view not found: 1146 Table 'sky_school.commodity_type' doesn't exist

[ 2017-10-30T20:07:06+08:00 ] ::1 /index.php/Idel/Index/getCommodityType
ERR: SQLSTATE[42S02]: Base table or view not found: 1146 Table 'sky_school.commodity_type' doesn't exist

[ 2017-10-30T20:07:06+08:00 ] ::1 /index.php/Idel/Index/getCommodityType
ERR: SQLSTATE[42S02]: Base table or view not found: 1146 Table 'sky_school.commodity_type' doesn't exist

[ 2017-10-30T20:09:18+08:00 ] ::1 /index.php/Idel/Index/getCommodityType
ERR: SQLSTATE[42S02]: Base table or view not found: 1146 Table 'sky_school.commodity_type' doesn't exist

[ 2017-10-30T20:09:18+08:00 ] ::1 /index.php/Idel/Index/getCommodityType
ERR: SQLSTATE[42S02]: Base table or view not found: 1146 Table 'sky_school.commodity_type' doesn't exist

[ 2017-10-30T20:09:19+08:00 ] ::1 /index.php/Idel/Index/getCommodityType
ERR: SQLSTATE[42S02]: Base table or view not found: 1146 Table 'sky_school.commodity_type' doesn't exist

[ 2017-10-30T20:09:19+08:00 ] ::1 /index.php/Idel/Index/getCommodityType
ERR: SQLSTATE[42S02]: Base table or view not found: 1146 Table 'sky_school.commodity_type' doesn't exist

[ 2017-10-30T20:09:19+08:00 ] ::1 /index.php/Idel/Index/getCommodityType
ERR: SQLSTATE[42S02]: Base table or view not found: 1146 Table 'sky_school.commodity_type' doesn't exist

[ 2017-10-30T20:09:19+08:00 ] ::1 /index.php/Idel/Index/getCommodityType
ERR: SQLSTATE[42S02]: Base table or view not found: 1146 Table 'sky_school.commodity_type' doesn't exist

[ 2017-10-30T20:11:56+08:00 ] ::1 /index.php/Idel/Index/getCommodityType
ERR: SQLSTATE[42S02]: Base table or view not found: 1146 Table 'sky_school.commodity_type_model' doesn't exist

[ 2017-10-30T20:11:57+08:00 ] ::1 /index.php/Idel/Index/getCommodityType
ERR: SQLSTATE[42S02]: Base table or view not found: 1146 Table 'sky_school.commodity_type_model' doesn't exist

[ 2017-10-30T20:13:35+08:00 ] ::1 /index.php/Idel/Index/getCommodityType
ERR: Call to a member function select() on null

[ 2017-10-30T20:22:56+08:00 ] ::1 /index.php/Idel/Index/getCommidities
ERR: syntax error, unexpected 'public' (T_PUBLIC), expecting end of file

[ 2017-10-30T20:23:48+08:00 ] ::1 /index.php/Idel/Index/getCommidities
ERR: syntax error, unexpected 'public' (T_PUBLIC), expecting end of file

[ 2017-10-30T20:24:01+08:00 ] ::1 /index.php/Idel/Index/getCommidities
ERR: syntax error, unexpected 'public' (T_PUBLIC), expecting end of file

